<?xml version="1.0" encoding="UTF-8"?>
<testng-results skipped="0" failed="0" ignored="0" total="1" passed="1">
  <reporter-output>
  </reporter-output>
  <suite name="Default suite" duration-ms="68499" started-at="2018-09-30T15:58:40Z" finished-at="2018-09-30T15:59:48Z">
    <groups>
    </groups>
    <test name="Default test" duration-ms="68499" started-at="2018-09-30T15:58:40Z" finished-at="2018-09-30T15:59:48Z">
      <class name="com.AutomationProject.testScripts.RegistrationTest">
        <test-method status="PASS" signature="preCondition()[pri:0, instance:com.AutomationProject.testScripts.RegistrationTest@be2bc2]" name="preCondition" is-config="true" duration-ms="51009" started-at="2018-09-30T21:28:40Z" finished-at="2018-09-30T21:29:31Z">
          <reporter-output>
          </reporter-output>
        </test-method> <!-- preCondition -->
        <test-method status="PASS" signature="testRegistration()[pri:0, instance:com.AutomationProject.testScripts.RegistrationTest@be2bc2]" name="testRegistration" duration-ms="17411" started-at="2018-09-30T21:29:31Z" finished-at="2018-09-30T21:29:48Z">
          <reporter-output>
          </reporter-output>
        </test-method> <!-- testRegistration -->
      </class> <!-- com.AutomationProject.testScripts.RegistrationTest -->
    </test> <!-- Default test -->
  </suite> <!-- Default suite -->
</testng-results>
